<?xml version="1.0" encoding="UTF-8" ?>
<testsuite tests="10" failures="0" name="id.ac.ukdw.simplesqa.RunCucumberTest" time="0.116" errors="0" skipped="0">
  <properties>
    <property name="java.runtime.name" value="Java(TM) SE Runtime Environment"/>
    <property name="sun.boot.library.path" value="/Library/Java/JavaVirtualMachines/jdk1.8.0_162.jdk/Contents/Home/jre/lib"/>
    <property name="java.vm.version" value="25.162-b12"/>
    <property name="gopherProxySet" value="false"/>
    <property name="java.vm.vendor" value="Oracle Corporation"/>
    <property name="maven.multiModuleProjectDirectory" value="/Users/budsus/NetBeansProjects/simplesqa"/>
    <property name="java.vendor.url" value="http://java.oracle.com/"/>
    <property name="path.separator" value=":"/>
    <property name="guice.disable.misplaced.annotation.check" value="true"/>
    <property name="java.vm.name" value="Java HotSpot(TM) 64-Bit Server VM"/>
    <property name="file.encoding.pkg" value="sun.io"/>
    <property name="user.country" value="ID"/>
    <property name="sun.java.launcher" value="SUN_STANDARD"/>
    <property name="sun.os.patch.level" value="unknown"/>
    <property name="java.vm.specification.name" value="Java Virtual Machine Specification"/>
    <property name="user.dir" value="/Users/budsus/NetBeansProjects/simplesqa"/>
    <property name="java.runtime.version" value="1.8.0_162-b12"/>
    <property name="java.awt.graphicsenv" value="sun.awt.CGraphicsEnvironment"/>
    <property name="java.endorsed.dirs" value="/Library/Java/JavaVirtualMachines/jdk1.8.0_162.jdk/Contents/Home/jre/lib/endorsed"/>
    <property name="os.arch" value="x86_64"/>
    <property name="java.io.tmpdir" value="/var/folders/vp/6631b1316wz0xz8kwqhkt3j40000gn/T/"/>
    <property name="line.separator" value="
"/>
    <property name="java.vm.specification.vendor" value="Oracle Corporation"/>
    <property name="os.name" value="Mac OS X"/>
    <property name="classworlds.conf" value="/opt/apache-maven-3.5.0/bin/m2.conf"/>
    <property name="sun.jnu.encoding" value="UTF-8"/>
    <property name="java.library.path" value="/Users/budsus/Library/Java/Extensions:/Library/Java/Extensions:/Network/Library/Java/Extensions:/System/Library/Java/Extensions:/usr/lib/java:."/>
    <property name="maven.conf" value="/opt/apache-maven-3.5.0/conf"/>
    <property name="java.specification.name" value="Java Platform API Specification"/>
    <property name="java.class.version" value="52.0"/>
    <property name="sun.management.compiler" value="HotSpot 64-Bit Tiered Compilers"/>
    <property name="os.version" value="10.15.1"/>
    <property name="library.jansi.path" value="/opt/apache-maven-3.5.0/lib/jansi-native/osx64"/>
    <property name="http.nonProxyHosts" value="local|*.local|169.254/16|*.169.254/16|localhost|*.localhost|local.com|*.local.com|kpu-diy.local.com|*.kpu-diy.local.com|gkiswjateng.local.org|*.gkiswjateng.local.org|Budis-MacBook-Pro.local|*.Budis-MacBook-Pro.local|alkitab.org|*.alkitab.org|server.ukdw.ac.id|*.server.ukdw.ac.id|client.ukdw.ac.id|*.client.ukdw.ac.id|server|*.server|sso.semantic.kvm|*.sso.semantic.kvm|sekaten.localhost|*.sekaten.localhost"/>
    <property name="user.home" value="/Users/budsus"/>
    <property name="user.timezone" value="Asia/Jakarta"/>
    <property name="java.awt.printerjob" value="sun.lwawt.macosx.CPrinterJob"/>
    <property name="java.specification.version" value="1.8"/>
    <property name="file.encoding" value="UTF-8"/>
    <property name="user.name" value="budsus"/>
    <property name="java.class.path" value="/opt/apache-maven-3.5.0/boot/plexus-classworlds-2.5.2.jar"/>
    <property name="java.vm.specification.version" value="1.8"/>
    <property name="sun.arch.data.model" value="64"/>
    <property name="java.home" value="/Library/Java/JavaVirtualMachines/jdk1.8.0_162.jdk/Contents/Home/jre"/>
    <property name="sun.java.command" value="org.codehaus.plexus.classworlds.launcher.Launcher test"/>
    <property name="java.specification.vendor" value="Oracle Corporation"/>
    <property name="user.language" value="en"/>
    <property name="awt.toolkit" value="sun.lwawt.macosx.LWCToolkit"/>
    <property name="java.vm.info" value="mixed mode"/>
    <property name="java.version" value="1.8.0_162"/>
    <property name="java.ext.dirs" value="/Users/budsus/Library/Java/Extensions:/Library/Java/JavaVirtualMachines/jdk1.8.0_162.jdk/Contents/Home/jre/lib/ext:/Library/Java/Extensions:/Network/Library/Java/Extensions:/System/Library/Java/Extensions:/usr/lib/java"/>
    <property name="sun.boot.class.path" value="/Library/Java/JavaVirtualMachines/jdk1.8.0_162.jdk/Contents/Home/jre/lib/resources.jar:/Library/Java/JavaVirtualMachines/jdk1.8.0_162.jdk/Contents/Home/jre/lib/rt.jar:/Library/Java/JavaVirtualMachines/jdk1.8.0_162.jdk/Contents/Home/jre/lib/sunrsasign.jar:/Library/Java/JavaVirtualMachines/jdk1.8.0_162.jdk/Contents/Home/jre/lib/jsse.jar:/Library/Java/JavaVirtualMachines/jdk1.8.0_162.jdk/Contents/Home/jre/lib/jce.jar:/Library/Java/JavaVirtualMachines/jdk1.8.0_162.jdk/Contents/Home/jre/lib/charsets.jar:/Library/Java/JavaVirtualMachines/jdk1.8.0_162.jdk/Contents/Home/jre/lib/jfr.jar:/Library/Java/JavaVirtualMachines/jdk1.8.0_162.jdk/Contents/Home/jre/classes"/>
    <property name="java.vendor" value="Oracle Corporation"/>
    <property name="maven.home" value="/opt/apache-maven-3.5.0"/>
    <property name="file.separator" value="/"/>
    <property name="java.vendor.url.bug" value="http://bugreport.sun.com/bugreport/"/>
    <property name="sun.cpu.endian" value="little"/>
    <property name="sun.io.unicode.encoding" value="UnicodeBig"/>
    <property name="socksNonProxyHosts" value="local|*.local|169.254/16|*.169.254/16|localhost|*.localhost|local.com|*.local.com|kpu-diy.local.com|*.kpu-diy.local.com|gkiswjateng.local.org|*.gkiswjateng.local.org|Budis-MacBook-Pro.local|*.Budis-MacBook-Pro.local|alkitab.org|*.alkitab.org|server.ukdw.ac.id|*.server.ukdw.ac.id|client.ukdw.ac.id|*.client.ukdw.ac.id|server|*.server|sso.semantic.kvm|*.sso.semantic.kvm|sekaten.localhost|*.sekaten.localhost"/>
    <property name="ftp.nonProxyHosts" value="local|*.local|169.254/16|*.169.254/16|localhost|*.localhost|local.com|*.local.com|kpu-diy.local.com|*.kpu-diy.local.com|gkiswjateng.local.org|*.gkiswjateng.local.org|Budis-MacBook-Pro.local|*.Budis-MacBook-Pro.local|alkitab.org|*.alkitab.org|server.ukdw.ac.id|*.server.ukdw.ac.id|client.ukdw.ac.id|*.client.ukdw.ac.id|server|*.server|sso.semantic.kvm|*.sso.semantic.kvm|sekaten.localhost|*.sekaten.localhost"/>
    <property name="sun.cpu.isalist" value=""/>
  </properties>
  <testcase classname="Basic Arithmetic" name="First Addition" time="0.017"/>
  <testcase classname="Basic Arithmetic" name="Another Addition" time="0.003"/>
  <testcase classname="Basic Arithmetic" name="Add two numbers -2 &amp; 3" time="0.003"/>
  <testcase classname="Basic Arithmetic" name="Add two numbers 10 &amp; 15" time="0.008"/>
  <testcase classname="Basic Arithmetic" name="Add two numbers 99 &amp; -99" time="0.003"/>
  <testcase classname="Basic Arithmetic" name="Add two numbers -1 &amp; -10" time="0.018"/>
  <testcase classname="Kalkulator Komplek" name="Beberapa operasi aritmatika" time="0.018"/>
  <testcase classname="Kalkulator Komplek" name="Beberapa operasi aritmatika" time="0.009"/>
  <testcase classname="Kalkulator Komplek" name="Beberapa operasi aritmatika" time="0.021"/>
  <testcase classname="Kalkulator Komplek" name="Beberapa operasi aritmatika" time="0.016"/>
</testsuite>